#
# There is insufficient memory for the Java Runtime Environment to continue.
# Native memory allocation (mmap) failed to map 322961408 bytes for G1 virtual space
# Possible reasons:
#   The system is out of physical RAM or swap space
#   The process is running with CompressedOops enabled, and the Java Heap may be blocking the growth of the native heap
# Possible solutions:
#   Reduce memory load on the system
#   Increase physical memory or swap space
#   Check if swap backing store is full
#   Decrease Java heap size (-Xmx/-Xms)
#   Decrease number of Java threads
#   Decrease Java thread stack sizes (-Xss)
#   Set larger code cache with -XX:ReservedCodeCacheSize=
#   JVM is running with Unscaled Compressed Oops mode in which the Java heap is
#     placed in the first 4GB address space. The Java Heap base address is the
#     maximum limit for the native heap growth. Please use -XX:HeapBaseMinAddress
#     to set the Java Heap base and to place the Java Heap above 4GB virtual address.
# This output file may be truncated or incomplete.
#
#  Out of Memory Error (os_windows.cpp:3548), pid=11800, tid=19780
#
# JRE version: Java(TM) SE Runtime Environment (17.0.10+11) (build 17.0.10+11-LTS-240)
# Java VM: Java HotSpot(TM) 64-Bit Server VM (17.0.10+11-LTS-240, mixed mode, emulated-client, sharing, tiered, compressed oops, compressed class ptrs, g1 gc, windows-amd64)
# No core dump will be written. Minidumps are not enabled by default on client versions of Windows
#

---------------  S U M M A R Y ------------

Command Line: -XX:TieredStopAtLevel=1 -Dspring.output.ansi.enabled=always -Dcom.sun.management.jmxremote -Dspring.jmx.enabled=true -Dspring.liveBeansView.mbeanDomain -Dspring.application.admin.enabled=true -Dmanagement.endpoints.jmx.exposure.include=* -javaagent:D:\Develop\IntelliJ IDEA 2023.3.4\lib\idea_rt.jar=58226:D:\Develop\IntelliJ IDEA 2023.3.4\bin -Dfile.encoding=UTF-8 cn.xypt.CampusErrandsApp

Host: Intel(R) Core(TM) i7-8565U CPU @ 1.80GHz, 8 cores, 7G,  Windows 10 , 64 bit Build 19041 (10.0.19041.3636)
Time: Wed Apr 24 16:19:57 2024  Windows 10 , 64 bit Build 19041 (10.0.19041.3636) elapsed time: 2136.066471 seconds (0d 0h 35m 36s)

---------------  T H R E A D  ---------------

Current thread (0x00000288777abb60):  VMThread "VM Thread" [stack: 0x000000f46d800000,0x000000f46d900000] [id=19780]

Stack: [0x000000f46d800000,0x000000f46d900000]
Native frames: (J=compiled Java code, j=interpreted, Vv=VM code, C=native code)
V  [jvm.dll+0x677a5a]
V  [jvm.dll+0x7d8b2d]
V  [jvm.dll+0x7da48e]
V  [jvm.dll+0x7daaf3]
V  [jvm.dll+0x2455ff]
V  [jvm.dll+0x6749b9]
V  [jvm.dll+0x669382]
V  [jvm.dll+0x302e96]
V  [jvm.dll+0x30a416]
V  [jvm.dll+0x359cbe]
V  [jvm.dll+0x359eef]
V  [jvm.dll+0x2d9e88]
V  [jvm.dll+0x2d8295]
V  [jvm.dll+0x2d789c]
V  [jvm.dll+0x31b18b]
V  [jvm.dll+0x7df30b]
V  [jvm.dll+0x7e0044]
V  [jvm.dll+0x7e055d]
V  [jvm.dll+0x7e0934]
V  [jvm.dll+0x7e0a00]
V  [jvm.dll+0x78888a]
V  [jvm.dll+0x676935]
C  [ucrtbase.dll+0x21bb2]
C  [KERNEL32.DLL+0x17344]
C  [ntdll.dll+0x526b1]

VM_Operation (0x000000f46e4fbad0): G1CollectForAllocation, mode: safepoint, requested by thread 0x000002887d5213f0


---------------  P R O C E S S  ---------------

Threads class SMR info:
_java_thread_list=0x000002887e51e590, length=22, elements={
0x00000288777b3320, 0x00000288777b4940, 0x00000288777ce3d0, 0x00000288777cf160,
0x00000288777d23d0, 0x00000288777d4540, 0x00000288777d53c0, 0x00000288777e8760,
0x00000288779ef640, 0x000002887c4adca0, 0x000002887c624720, 0x000002887ca70c40,
0x000002887d520ee0, 0x000002887c7c79b0, 0x000002887c7c37e0, 0x000002887d522830,
0x000002887d5213f0, 0x000002887c7c5640, 0x000002887c7c7ec0, 0x000002887c7c1470,
0x000002887c7c5b50, 0x000002887c7c6060
}

Java Threads: ( => current thread )
  0x00000288777b3320 JavaThread "Reference Handler" daemon [_thread_blocked, id=22336, stack(0x000000f46d900000,0x000000f46da00000)]
  0x00000288777b4940 JavaThread "Finalizer" daemon [_thread_blocked, id=17028, stack(0x000000f46da00000,0x000000f46db00000)]
  0x00000288777ce3d0 JavaThread "Signal Dispatcher" daemon [_thread_blocked, id=18304, stack(0x000000f46db00000,0x000000f46dc00000)]
  0x00000288777cf160 JavaThread "Attach Listener" daemon [_thread_blocked, id=6780, stack(0x000000f46dc00000,0x000000f46dd00000)]
  0x00000288777d23d0 JavaThread "Service Thread" daemon [_thread_blocked, id=15196, stack(0x000000f46dd00000,0x000000f46de00000)]
  0x00000288777d4540 JavaThread "Monitor Deflation Thread" daemon [_thread_blocked, id=14248, stack(0x000000f46de00000,0x000000f46df00000)]
  0x00000288777d53c0 JavaThread "C1 CompilerThread0" daemon [_thread_blocked, id=28652, stack(0x000000f46df00000,0x000000f46e000000)]
  0x00000288777e8760 JavaThread "Sweeper thread" daemon [_thread_blocked, id=23768, stack(0x000000f46e000000,0x000000f46e100000)]
  0x00000288779ef640 JavaThread "Common-Cleaner" daemon [_thread_blocked, id=3544, stack(0x000000f46e100000,0x000000f46e200000)]
  0x000002887c4adca0 JavaThread "Notification Thread" daemon [_thread_blocked, id=5044, stack(0x000000f46e500000,0x000000f46e600000)]
  0x000002887c624720 JavaThread "RMI TCP Accept-0" daemon [_thread_in_native, id=23128, stack(0x000000f46e600000,0x000000f46e700000)]
  0x000002887ca70c40 JavaThread "RMI Scheduler(0)" daemon [_thread_blocked, id=12792, stack(0x000000f46f200000,0x000000f46f300000)]
  0x000002887d520ee0 JavaThread "mysql-cj-abandoned-connection-cleanup" daemon [_thread_blocked, id=18428, stack(0x000000f46f900000,0x000000f46fa00000)]
  0x000002887c7c79b0 JavaThread "Live Reload Server" daemon [_thread_in_native, id=5216, stack(0x000000f46fd00000,0x000000f46fe00000)]
  0x000002887c7c37e0 JavaThread "DestroyJavaVM" [_thread_blocked, id=14924, stack(0x000000f46d200000,0x000000f46d300000)]
  0x000002887d522830 JavaThread "Thread-27" [_thread_blocked, id=8740, stack(0x000000f46e200000,0x000000f46e300000)]
  0x000002887d5213f0 JavaThread "restartedMain" [_thread_blocked, id=19412, stack(0x000000f46e400000,0x000000f46e500000)]
  0x000002887c7c5640 JavaThread "Catalina-utility-1" [_thread_blocked, id=15444, stack(0x000000f46e300000,0x000000f46e400000)]
  0x000002887c7c7ec0 JavaThread "Catalina-utility-2" [_thread_blocked, id=14556, stack(0x000000f46e800000,0x000000f46e900000)]
  0x000002887c7c1470 JavaThread "container-0" [_thread_blocked, id=13356, stack(0x000000f46f100000,0x000000f46f200000)]
  0x000002887c7c5b50 JavaThread "Druid-ConnectionPool-Create-448691585" daemon [_thread_blocked, id=20304, stack(0x000000f46f400000,0x000000f46f500000)]
  0x000002887c7c6060 JavaThread "Druid-ConnectionPool-Destroy-448691585" daemon [_thread_blocked, id=7372, stack(0x000000f46f500000,0x000000f46f600000)]

Other Threads:
=>0x00000288777abb60 VMThread "VM Thread" [stack: 0x000000f46d800000,0x000000f46d900000] [id=19780]
  0x0000028865850d50 WatcherThread [stack: 0x000000f46e700000,0x000000f46e800000] [id=22912]
  0x00000288658ab1e0 GCTaskThread "GC Thread#0" [stack: 0x000000f46d300000,0x000000f46d400000] [id=8328]
  0x000002887c9e8fe0 GCTaskThread "GC Thread#1" [stack: 0x000000f46e900000,0x000000f46ea00000] [id=8828]
  0x000002887ca05190 GCTaskThread "GC Thread#2" [stack: 0x000000f46ea00000,0x000000f46eb00000] [id=17248]
  0x000002887ca632f0 GCTaskThread "GC Thread#3" [stack: 0x000000f46eb00000,0x000000f46ec00000] [id=13712]
  0x000002887ca655c0 GCTaskThread "GC Thread#4" [stack: 0x000000f46ec00000,0x000000f46ed00000] [id=22692]
  0x000002887ca67890 GCTaskThread "GC Thread#5" [stack: 0x000000f46ed00000,0x000000f46ee00000] [id=8280]
  0x000002887ca6bf70 GCTaskThread "GC Thread#6" [stack: 0x000000f46ee00000,0x000000f46ef00000] [id=13380]
  0x000002887ca6c230 GCTaskThread "GC Thread#7" [stack: 0x000000f46ef00000,0x000000f46f000000] [id=10780]
  0x00000288658bbd70 ConcurrentGCThread "G1 Main Marker" [stack: 0x000000f46d400000,0x000000f46d500000] [id=10820]
  0x00000288658bcf20 ConcurrentGCThread "G1 Conc#0" [stack: 0x000000f46d500000,0x000000f46d600000] [id=28268]
  0x000002887ced5aa0 ConcurrentGCThread "G1 Conc#1" [stack: 0x000000f46f300000,0x000000f46f400000] [id=2764]
  0x000002886590eb40 ConcurrentGCThread "G1 Refine#0" [stack: 0x000000f46d600000,0x000000f46d700000] [id=24820]
  0x000002887ca05450 ConcurrentGCThread "G1 Refine#1" [stack: 0x000000f46f000000,0x000000f46f100000] [id=26420]
  0x0000028877666730 ConcurrentGCThread "G1 Service" [stack: 0x000000f46d700000,0x000000f46d800000] [id=25584]

Threads with active compile tasks:

VM state: at safepoint (normal execution)

VM Mutex/Monitor currently owned by a thread:  ([mutex/lock_event])
[0x000002886584adb0] Threads_lock - owner thread: 0x00000288777abb60
[0x000002886584b7d0] Heap_lock - owner thread: 0x000002887d5213f0

Heap address: 0x0000000081e00000, size: 2018 MB, Compressed Oops mode: 32-bit

CDS archive(s) mapped at: [0x0000028800000000-0x0000028800bd0000-0x0000028800bd0000), size 12386304, SharedBaseAddress: 0x0000028800000000, ArchiveRelocationMode: 1.
Compressed class space mapped at: 0x0000028801000000-0x0000028841000000, reserved size: 1073741824
Narrow klass base: 0x0000028800000000, Narrow klass shift: 0, Narrow klass range: 0x100000000

GC Precious Log:
 CPUs: 8 total, 8 available
 Memory: 8067M
 Large Page Support: Disabled
 NUMA Support: Disabled
 Compressed Oops: Enabled (32-bit)
 Heap Region Size: 1M
 Heap Min Capacity: 8M
 Heap Initial Capacity: 128M
 Heap Max Capacity: 2018M
 Pre-touch: Disabled
 Parallel Workers: 8
 Concurrent Workers: 2
 Concurrent Refinement Workers: 8
 Periodic GC: Disabled

Heap:
 garbage-first heap   total 157696K, used 75870K [0x0000000081e00000, 0x0000000100000000)
  region size 1024K, 1 young (1024K), 1 survivors (1024K)
 Metaspace       used 59576K, committed 60160K, reserved 1114112K
  class space    used 7709K, committed 8000K, reserved 1048576K

Heap Regions: E=young(eden), S=young(survivor), O=old, HS=humongous(starts), HC=humongous(continues), CS=collection set, F=free, OA=open archive, CA=closed archive, TAMS=top-at-mark-start (previous, next)
|   0|0x0000000081e00000, 0x0000000081f00000, 0x0000000081f00000|100%| O|  |TAMS 0x0000000081f00000, 0x0000000081e00000| Untracked 
|   1|0x0000000081f00000, 0x0000000081ffc648, 0x0000000082000000| 98%| O|  |TAMS 0x0000000081ffc648, 0x0000000081f00000| Untracked 
|   2|0x0000000082000000, 0x0000000082100000, 0x0000000082100000|100%| O|  |TAMS 0x0000000082100000, 0x0000000082000000| Untracked 
|   3|0x0000000082100000, 0x0000000082200000, 0x0000000082200000|100%| O|  |TAMS 0x0000000082200000, 0x0000000082100000| Untracked 
|   4|0x0000000082200000, 0x0000000082300000, 0x0000000082300000|100%| O|  |TAMS 0x0000000082300000, 0x0000000082200000| Untracked 
|   5|0x0000000082300000, 0x00000000823ffff0, 0x0000000082400000| 99%| O|  |TAMS 0x00000000823ffff0, 0x0000000082300000| Untracked 
|   6|0x0000000082400000, 0x00000000824ffff0, 0x0000000082500000| 99%| O|  |TAMS 0x00000000824ffff0, 0x0000000082400000| Untracked 
|   7|0x0000000082500000, 0x00000000825ffff8, 0x0000000082600000| 99%| O|  |TAMS 0x00000000825ffff8, 0x0000000082500000| Untracked 
|   8|0x0000000082600000, 0x00000000826ffff8, 0x0000000082700000| 99%| O|  |TAMS 0x00000000826ffff8, 0x0000000082600000| Untracked 
|   9|0x0000000082700000, 0x00000000827fffe8, 0x0000000082800000| 99%| O|  |TAMS 0x00000000827fffe8, 0x0000000082700000| Untracked 
|  10|0x0000000082800000, 0x00000000828fffe0, 0x0000000082900000| 99%| O|  |TAMS 0x00000000828fffe0, 0x0000000082800000| Untracked 
|  11|0x0000000082900000, 0x00000000829fffd0, 0x0000000082a00000| 99%| O|  |TAMS 0x00000000829fffd0, 0x0000000082900000| Untracked 
|  12|0x0000000082a00000, 0x0000000082afffe8, 0x0000000082b00000| 99%| O|  |TAMS 0x0000000082afffe8, 0x0000000082a00000| Untracked 
|  13|0x0000000082b00000, 0x0000000082bffff8, 0x0000000082c00000| 99%| O|  |TAMS 0x0000000082bffff8, 0x0000000082b00000| Untracked 
|  14|0x0000000082c00000, 0x0000000082cfc378, 0x0000000082d00000| 98%| O|  |TAMS 0x0000000082cfc378, 0x0000000082c00000| Untracked 
|  15|0x0000000082d00000, 0x0000000082dfffd0, 0x0000000082e00000| 99%| O|  |TAMS 0x0000000082dfffd0, 0x0000000082d00000| Untracked 
|  16|0x0000000082e00000, 0x0000000082f00000, 0x0000000082f00000|100%| O|  |TAMS 0x0000000082f00000, 0x0000000082e00000| Untracked 
|  17|0x0000000082f00000, 0x0000000083000000, 0x0000000083000000|100%| O|  |TAMS 0x0000000083000000, 0x0000000082f00000| Untracked 
|  18|0x0000000083000000, 0x00000000830fffd0, 0x0000000083100000| 99%| O|  |TAMS 0x00000000830fffd0, 0x0000000083000000| Untracked 
|  19|0x0000000083100000, 0x00000000831ffff0, 0x0000000083200000| 99%| O|  |TAMS 0x00000000831ffff0, 0x0000000083100000| Untracked 
|  20|0x0000000083200000, 0x00000000832fffe8, 0x0000000083300000| 99%| O|  |TAMS 0x00000000832fffe8, 0x0000000083200000| Untracked 
|  21|0x0000000083300000, 0x00000000833fffc0, 0x0000000083400000| 99%| O|  |TAMS 0x00000000833fffc0, 0x0000000083300000| Untracked 
|  22|0x0000000083400000, 0x0000000083500000, 0x0000000083500000|100%| O|  |TAMS 0x0000000083500000, 0x0000000083400000| Untracked 
|  23|0x0000000083500000, 0x00000000835ffff8, 0x0000000083600000| 99%| O|  |TAMS 0x00000000835ffff8, 0x0000000083500000| Untracked 
|  24|0x0000000083600000, 0x00000000836ffff0, 0x0000000083700000| 99%| O|  |TAMS 0x00000000836ffff0, 0x0000000083600000| Untracked 
|  25|0x0000000083700000, 0x00000000837ffff0, 0x0000000083800000| 99%| O|  |TAMS 0x00000000837ffff0, 0x0000000083700000| Untracked 
|  26|0x0000000083800000, 0x00000000838ffff8, 0x0000000083900000| 99%| O|  |TAMS 0x00000000838ffff8, 0x0000000083800000| Untracked 
|  27|0x0000000083900000, 0x00000000839fffe8, 0x0000000083a00000| 99%| O|  |TAMS 0x00000000839fffe8, 0x0000000083900000| Untracked 
|  28|0x0000000083a00000, 0x0000000083b00000, 0x0000000083b00000|100%| O|  |TAMS 0x0000000083b00000, 0x0000000083a00000| Untracked 
|  29|0x0000000083b00000, 0x0000000083bfd828, 0x0000000083c00000| 99%| O|  |TAMS 0x0000000083bfd828, 0x0000000083b00000| Untracked 
|  30|0x0000000083c00000, 0x0000000083cffc98, 0x0000000083d00000| 99%| O|  |TAMS 0x0000000083cffc98, 0x0000000083c00000| Untracked 
|  31|0x0000000083d00000, 0x0000000083dfffe8, 0x0000000083e00000| 99%| O|  |TAMS 0x0000000083dfffe8, 0x0000000083d00000| Untracked 
|  32|0x0000000083e00000, 0x0000000083effff0, 0x0000000083f00000| 99%| O|  |TAMS 0x0000000083effff0, 0x0000000083e00000| Untracked 
|  33|0x0000000083f00000, 0x0000000083ffffd8, 0x0000000084000000| 99%| O|  |TAMS 0x0000000083ffffd8, 0x0000000083f00000| Untracked 
|  34|0x0000000084000000, 0x0000000084100000, 0x0000000084100000|100%| O|  |TAMS 0x0000000084100000, 0x0000000084000000| Untracked 
|  35|0x0000000084100000, 0x00000000841fffc8, 0x0000000084200000| 99%| O|  |TAMS 0x00000000841fffc8, 0x0000000084100000| Untracked 
|  36|0x0000000084200000, 0x00000000842ffff8, 0x0000000084300000| 99%| O|  |TAMS 0x00000000842ffff8, 0x0000000084200000| Untracked 
|  37|0x0000000084300000, 0x00000000843ffff8, 0x0000000084400000| 99%| O|  |TAMS 0x00000000843ffff8, 0x0000000084300000| Untracked 
|  38|0x0000000084400000, 0x0000000084500000, 0x0000000084500000|100%| O|  |TAMS 0x0000000084500000, 0x0000000084400000| Untracked 
|  39|0x0000000084500000, 0x0000000084600000, 0x0000000084600000|100%| O|  |TAMS 0x0000000084600000, 0x0000000084500000| Untracked 
|  40|0x0000000084600000, 0x00000000846ffff8, 0x0000000084700000| 99%| O|  |TAMS 0x00000000846ffff8, 0x0000000084600000| Untracked 
|  41|0x0000000084700000, 0x0000000084800000, 0x0000000084800000|100%| O|  |TAMS 0x0000000084800000, 0x0000000084700000| Untracked 
|  42|0x0000000084800000, 0x00000000848fffc0, 0x0000000084900000| 99%| O|  |TAMS 0x00000000848fffc0, 0x0000000084800000| Untracked 
|  43|0x0000000084900000, 0x00000000849fffe8, 0x0000000084a00000| 99%| O|  |TAMS 0x00000000849fffe8, 0x0000000084900000| Untracked 
|  44|0x0000000084a00000, 0x0000000084af4e48, 0x0000000084b00000| 95%| O|  |TAMS 0x0000000084af4e48, 0x0000000084a00000| Untracked 
|  45|0x0000000084b00000, 0x0000000084bfffe8, 0x0000000084c00000| 99%| O|  |TAMS 0x0000000084bfffe8, 0x0000000084b00000| Untracked 
|  46|0x0000000084c00000, 0x0000000084cfffc8, 0x0000000084d00000| 99%| O|  |TAMS 0x0000000084cfffc8, 0x0000000084c00000| Untracked 
|  47|0x0000000084d00000, 0x0000000084dffff8, 0x0000000084e00000| 99%| O|  |TAMS 0x0000000084dffff8, 0x0000000084d00000| Updating 
|  48|0x0000000084e00000, 0x0000000084effff0, 0x0000000084f00000| 99%| O|  |TAMS 0x0000000084effff0, 0x0000000084e00000| Untracked 
|  49|0x0000000084f00000, 0x0000000084fffff8, 0x0000000085000000| 99%| O|  |TAMS 0x0000000084fffff8, 0x0000000084f00000| Updating 
|  50|0x0000000085000000, 0x00000000850ff070, 0x0000000085100000| 99%| O|  |TAMS 0x00000000850ff070, 0x0000000085000000| Untracked 
|  51|0x0000000085100000, 0x00000000851fffc0, 0x0000000085200000| 99%| O|  |TAMS 0x00000000851fffc0, 0x0000000085100000| Untracked 
|  52|0x0000000085200000, 0x00000000852fffd8, 0x0000000085300000| 99%| O|  |TAMS 0x00000000852fffd8, 0x0000000085200000| Untracked 
|  53|0x0000000085300000, 0x0000000085400000, 0x0000000085400000|100%| O|  |TAMS 0x0000000085400000, 0x0000000085300000| Untracked 
|  54|0x0000000085400000, 0x00000000854ffff0, 0x0000000085500000| 99%| O|  |TAMS 0x00000000854ffff0, 0x0000000085400000| Untracked 
|  55|0x0000000085500000, 0x00000000855fffc0, 0x0000000085600000| 99%| O|  |TAMS 0x00000000855fffc0, 0x0000000085500000| Untracked 
|  56|0x0000000085600000, 0x00000000856ffff0, 0x0000000085700000| 99%| O|  |TAMS 0x00000000856ffff0, 0x0000000085600000| Untracked 
|  57|0x0000000085700000, 0x00000000857fffe0, 0x0000000085800000| 99%| O|  |TAMS 0x00000000857fffe0, 0x0000000085700000| Untracked 
|  58|0x0000000085800000, 0x00000000858fffd8, 0x0000000085900000| 99%| O|  |TAMS 0x00000000858fffd8, 0x0000000085800000| Untracked 
|  59|0x0000000085900000, 0x00000000859ffff8, 0x0000000085a00000| 99%| O|  |TAMS 0x00000000859ffff8, 0x0000000085900000| Untracked 
|  60|0x0000000085a00000, 0x0000000085affff0, 0x0000000085b00000| 99%| O|  |TAMS 0x0000000085affff0, 0x0000000085a00000| Untracked 
|  61|0x0000000085b00000, 0x0000000085c00000, 0x0000000085c00000|100%| O|  |TAMS 0x0000000085c00000, 0x0000000085b00000| Untracked 
|  62|0x0000000085c00000, 0x0000000085c21928, 0x0000000085d00000| 13%| O|  |TAMS 0x0000000085c21928, 0x0000000085c00000| Updating 
|  63|0x0000000085d00000, 0x0000000085e00000, 0x0000000085e00000|100%| O|  |TAMS 0x0000000085d00000, 0x0000000085d00000| Untracked 
|  64|0x0000000085e00000, 0x0000000085f00000, 0x0000000085f00000|100%| O|  |TAMS 0x0000000085e00000, 0x0000000085e00000| Untracked 
|  65|0x0000000085f00000, 0x0000000086000000, 0x0000000086000000|100%| O|  |TAMS 0x0000000085f00000, 0x0000000085f00000| Untracked 
|  66|0x0000000086000000, 0x0000000086100000, 0x0000000086100000|100%| O|  |TAMS 0x0000000086000000, 0x0000000086000000| Untracked 
|  67|0x0000000086100000, 0x0000000086200000, 0x0000000086200000|100%| O|  |TAMS 0x0000000086100000, 0x0000000086100000| Untracked 
|  68|0x0000000086200000, 0x00000000862fffc0, 0x0000000086300000| 99%| O|  |TAMS 0x00000000862fffc0, 0x0000000086200000| Untracked 
|  69|0x0000000086300000, 0x0000000086400000, 0x0000000086400000|100%| O|  |TAMS 0x0000000086300000, 0x0000000086300000| Untracked 
|  70|0x0000000086400000, 0x00000000864b9200, 0x0000000086500000| 72%| O|  |TAMS 0x0000000086400000, 0x0000000086400000| Updating 
|  71|0x0000000086500000, 0x0000000086500000, 0x0000000086600000|  0%| F|  |TAMS 0x0000000086500000, 0x0000000086500000| Untracked 
|  72|0x0000000086600000, 0x00000000866fffe0, 0x0000000086700000| 99%| O|  |TAMS 0x00000000866fffe0, 0x0000000086600000| Untracked 
|  73|0x0000000086700000, 0x0000000086700000, 0x0000000086800000|  0%| F|  |TAMS 0x0000000086700000, 0x0000000086700000| Untracked 
|  74|0x0000000086800000, 0x0000000086849978, 0x0000000086900000| 28%| O|  |TAMS 0x0000000086849978, 0x0000000086800000| Updating 
|  75|0x0000000086900000, 0x0000000086900000, 0x0000000086a00000|  0%| F|  |TAMS 0x0000000086900000, 0x0000000086900000| Untracked 
|  76|0x0000000086a00000, 0x0000000086a988d0, 0x0000000086b00000| 59%| O|  |TAMS 0x0000000086a988d0, 0x0000000086a00000| Updating 
|  77|0x0000000086b00000, 0x0000000086b00000, 0x0000000086c00000|  0%| F|  |TAMS 0x0000000086b00000, 0x0000000086b00000| Untracked 
|  78|0x0000000086c00000, 0x0000000086c00000, 0x0000000086d00000|  0%| F|  |TAMS 0x0000000086c00000, 0x0000000086c00000| Untracked 
|  79|0x0000000086d00000, 0x0000000086d00000, 0x0000000086e00000|  0%| F|  |TAMS 0x0000000086d00000, 0x0000000086d00000| Untracked 
|  80|0x0000000086e00000, 0x0000000086e00000, 0x0000000086f00000|  0%| F|  |TAMS 0x0000000086e00000, 0x0000000086e00000| Untracked 
|  81|0x0000000086f00000, 0x0000000087000000, 0x0000000087000000|100%| O|  |TAMS 0x0000000087000000, 0x0000000086f00000| Untracked 
|  82|0x0000000087000000, 0x0000000087000000, 0x0000000087100000|  0%| F|  |TAMS 0x0000000087000000, 0x0000000087000000| Untracked 
|  83|0x0000000087100000, 0x0000000087100000, 0x0000000087200000|  0%| F|  |TAMS 0x0000000087100000, 0x0000000087100000| Untracked 
|  84|0x0000000087200000, 0x0000000087200000, 0x0000000087300000|  0%| F|  |TAMS 0x0000000087200000, 0x0000000087200000| Untracked 
|  85|0x0000000087300000, 0x0000000087300000, 0x0000000087400000|  0%| F|  |TAMS 0x0000000087300000, 0x0000000087300000| Untracked 
|  86|0x0000000087400000, 0x0000000087400000, 0x0000000087500000|  0%| F|  |TAMS 0x0000000087400000, 0x0000000087400000| Untracked 
|  87|0x0000000087500000, 0x0000000087500000, 0x0000000087600000|  0%| F|  |TAMS 0x0000000087500000, 0x0000000087500000| Untracked 
|  88|0x0000000087600000, 0x0000000087600000, 0x0000000087700000|  0%| F|  |TAMS 0x0000000087600000, 0x0000000087600000| Untracked 
|  89|0x0000000087700000, 0x0000000087700000, 0x0000000087800000|  0%| F|  |TAMS 0x0000000087700000, 0x0000000087700000| Untracked 
|  90|0x0000000087800000, 0x0000000087800000, 0x0000000087900000|  0%| F|  |TAMS 0x0000000087800000, 0x0000000087800000| Untracked 
|  91|0x0000000087900000, 0x00000000879a79d0, 0x0000000087a00000| 65%| O|  |TAMS 0x00000000879a79d0, 0x0000000087900000| Updating 
|  92|0x0000000087a00000, 0x0000000087a00000, 0x0000000087b00000|  0%| F|  |TAMS 0x0000000087a00000, 0x0000000087a00000| Untracked 
|  93|0x0000000087b00000, 0x0000000087b002d0, 0x0000000087c00000|  0%| O|  |TAMS 0x0000000087b002d0, 0x0000000087b00000| Updating 
|  94|0x0000000087c00000, 0x0000000087c00000, 0x0000000087d00000|  0%| F|  |TAMS 0x0000000087c00000, 0x0000000087c00000| Untracked 
|  95|0x0000000087d00000, 0x0000000087d00000, 0x0000000087e00000|  0%| F|  |TAMS 0x0000000087d00000, 0x0000000087d00000| Untracked 
|  96|0x0000000087e00000, 0x0000000087e00000, 0x0000000087f00000|  0%| F|  |TAMS 0x0000000087e00000, 0x0000000087e00000| Untracked 
|  97|0x0000000087f00000, 0x0000000087f00000, 0x0000000088000000|  0%| F|  |TAMS 0x0000000087f00000, 0x0000000087f00000| Untracked 
|  98|0x0000000088000000, 0x0000000088000000, 0x0000000088100000|  0%| F|  |TAMS 0x0000000088000000, 0x0000000088000000| Untracked 
|  99|0x0000000088100000, 0x0000000088100000, 0x0000000088200000|  0%| F|  |TAMS 0x0000000088100000, 0x0000000088100000| Untracked 
| 100|0x0000000088200000, 0x0000000088200000, 0x0000000088300000|  0%| F|  |TAMS 0x0000000088200000, 0x0000000088200000| Untracked 
| 101|0x0000000088300000, 0x0000000088300000, 0x0000000088400000|  0%| F|  |TAMS 0x0000000088300000, 0x0000000088300000| Untracked 
| 102|0x0000000088400000, 0x0000000088400000, 0x0000000088500000|  0%| F|  |TAMS 0x0000000088400000, 0x0000000088400000| Untracked 
| 103|0x0000000088500000, 0x0000000088500000, 0x0000000088600000|  0%| F|  |TAMS 0x0000000088500000, 0x0000000088500000| Untracked 
| 104|0x0000000088600000, 0x0000000088600000, 0x0000000088700000|  0%| F|  |TAMS 0x0000000088600000, 0x0000000088600000| Untracked 
| 105|0x0000000088700000, 0x0000000088700000, 0x0000000088800000|  0%| F|  |TAMS 0x0000000088700000, 0x0000000088700000| Untracked 
| 106|0x0000000088800000, 0x0000000088800000, 0x0000000088900000|  0%| F|  |TAMS 0x0000000088800000, 0x0000000088800000| Untracked 
| 107|0x0000000088900000, 0x0000000088900000, 0x0000000088a00000|  0%| F|  |TAMS 0x0000000088900000, 0x0000000088900000| Untracked 
| 108|0x0000000088a00000, 0x0000000088a00000, 0x0000000088b00000|  0%| F|  |TAMS 0x0000000088a00000, 0x0000000088a00000| Untracked 
| 109|0x0000000088b00000, 0x0000000088b00000, 0x0000000088c00000|  0%| F|  |TAMS 0x0000000088b00000, 0x0000000088b00000| Untracked 
| 110|0x0000000088c00000, 0x0000000088c00000, 0x0000000088d00000|  0%| F|  |TAMS 0x0000000088c00000, 0x0000000088c00000| Untracked 
| 111|0x0000000088d00000, 0x0000000088d00000, 0x0000000088e00000|  0%| F|  |TAMS 0x0000000088d00000, 0x0000000088d00000| Untracked 
| 112|0x0000000088e00000, 0x0000000088e00000, 0x0000000088f00000|  0%| F|  |TAMS 0x0000000088e00000, 0x0000000088e00000| Untracked 
| 113|0x0000000088f00000, 0x0000000088f00000, 0x0000000089000000|  0%| F|  |TAMS 0x0000000088f00000, 0x0000000088f00000| Untracked 
| 114|0x0000000089000000, 0x0000000089000000, 0x0000000089100000|  0%| F|  |TAMS 0x0000000089000000, 0x0000000089000000| Untracked 
| 115|0x0000000089100000, 0x0000000089100000, 0x0000000089200000|  0%| F|  |TAMS 0x0000000089100000, 0x0000000089100000| Untracked 
| 116|0x0000000089200000, 0x0000000089200000, 0x0000000089300000|  0%| F|  |TAMS 0x0000000089200000, 0x0000000089200000| Untracked 
| 117|0x0000000089300000, 0x0000000089300000, 0x0000000089400000|  0%| F|  |TAMS 0x0000000089300000, 0x0000000089300000| Untracked 
| 118|0x0000000089400000, 0x0000000089400000, 0x0000000089500000|  0%| F|  |TAMS 0x0000000089400000, 0x0000000089400000| Untracked 
| 119|0x0000000089500000, 0x0000000089500000, 0x0000000089600000|  0%| F|  |TAMS 0x0000000089500000, 0x0000000089500000| Untracked 
| 120|0x0000000089600000, 0x0000000089600000, 0x0000000089700000|  0%| F|  |TAMS 0x0000000089600000, 0x0000000089600000| Untracked 
| 121|0x0000000089700000, 0x0000000089700000, 0x0000000089800000|  0%| F|  |TAMS 0x0000000089700000, 0x0000000089700000| Untracked 
| 122|0x0000000089800000, 0x0000000089800000, 0x0000000089900000|  0%| F|  |TAMS 0x0000000089800000, 0x0000000089800000| Untracked 
| 123|0x0000000089900000, 0x0000000089900000, 0x0000000089a00000|  0%| F|  |TAMS 0x0000000089900000, 0x0000000089900000| Untracked 
| 124|0x0000000089a00000, 0x0000000089a00000, 0x0000000089b00000|  0%| F|  |TAMS 0x0000000089a00000, 0x0000000089a00000| Untracked 
| 125|0x0000000089b00000, 0x0000000089b00000, 0x0000000089c00000|  0%| F|  |TAMS 0x0000000089b00000, 0x0000000089b00000| Untracked 
| 126|0x0000000089c00000, 0x0000000089c00000, 0x0000000089d00000|  0%| F|  |TAMS 0x0000000089c00000, 0x0000000089c00000| Untracked 
| 127|0x0000000089d00000, 0x0000000089d00000, 0x0000000089e00000|  0%| F|  |TAMS 0x0000000089d00000, 0x0000000089d00000| Untracked 
| 128|0x0000000089e00000, 0x0000000089e00000, 0x0000000089f00000|  0%| F|  |TAMS 0x0000000089e00000, 0x0000000089e00000| Untracked 
| 129|0x0000000089f00000, 0x0000000089f00000, 0x000000008a000000|  0%| F|  |TAMS 0x0000000089f00000, 0x0000000089f00000| Untracked 
| 130|0x000000008a000000, 0x000000008a000000, 0x000000008a100000|  0%| F|  |TAMS 0x000000008a000000, 0x000000008a000000| Untracked 
| 131|0x000000008a100000, 0x000000008a100000, 0x000000008a200000|  0%| F|  |TAMS 0x000000008a100000, 0x000000008a100000| Untracked 
| 132|0x000000008a200000, 0x000000008a200000, 0x000000008a300000|  0%| F|  |TAMS 0x000000008a200000, 0x000000008a200000| Untracked 
| 133|0x000000008a300000, 0x000000008a300000, 0x000000008a400000|  0%| F|  |TAMS 0x000000008a300000, 0x000000008a300000| Untracked 
| 134|0x000000008a400000, 0x000000008a400000, 0x000000008a500000|  0%| F|  |TAMS 0x000000008a400000, 0x000000008a400000| Untracked 
| 135|0x000000008a500000, 0x000000008a500000, 0x000000008a600000|  0%| F|  |TAMS 0x000000008a500000, 0x000000008a500000| Untracked 
| 136|0x000000008a600000, 0x000000008a600000, 0x000000008a700000|  0%| F|  |TAMS 0x000000008a600000, 0x000000008a600000| Untracked 
| 137|0x000000008a700000, 0x000000008a700000, 0x000000008a800000|  0%| F|  |TAMS 0x000000008a700000, 0x000000008a700000| Untracked 
| 138|0x000000008a800000, 0x000000008a800000, 0x000000008a900000|  0%| F|  |TAMS 0x000000008a800000, 0x000000008a800000| Untracked 
| 139|0x000000008a900000, 0x000000008a900000, 0x000000008aa00000|  0%| F|  |TAMS 0x000000008a900000, 0x000000008a900000| Untracked 
| 140|0x000000008aa00000, 0x000000008aa00000, 0x000000008ab00000|  0%| F|  |TAMS 0x000000008aa00000, 0x000000008aa00000| Untracked 
| 141|0x000000008ab00000, 0x000000008abc9630, 0x000000008ac00000| 78%| S|CS|TAMS 0x000000008ab00000, 0x000000008ab00000| Complete 
| 142|0x000000008ac00000, 0x000000008ac00000, 0x000000008ad00000|  0%| F|  |TAMS 0x000000008ac00000, 0x000000008ac00000| Untracked 
| 143|0x000000008ad00000, 0x000000008ad00000, 0x000000008ae00000|  0%| F|  |TAMS 0x000000008ad00000, 0x000000008ad00000| Untracked 
| 144|0x000000008ae00000, 0x000000008ae00000, 0x000000008af00000|  0%| F|  |TAMS 0x000000008ae00000, 0x000000008ae00000| Untracked 
| 145|0x000000008af00000, 0x000000008af00000, 0x000000008b000000|  0%| F|  |TAMS 0x000000008af00000, 0x000000008af00000| Untracked 
| 146|0x000000008b000000, 0x000000008b000000, 0x000000008b100000|  0%| F|  |TAMS 0x000000008b000000, 0x000000008b000000| Untracked 
| 147|0x000000008b100000, 0x000000008b100000, 0x000000008b200000|  0%| F|  |TAMS 0x000000008b100000, 0x000000008b100000| Untracked 
| 148|0x000000008b200000, 0x000000008b200000, 0x000000008b300000|  0%| F|  |TAMS 0x000000008b200000, 0x000000008b200000| Untracked 
| 149|0x000000008b300000, 0x000000008b300000, 0x000000008b400000|  0%| F|  |TAMS 0x000000008b300000, 0x000000008b300000| Untracked 
| 150|0x000000008b400000, 0x000000008b400000, 0x000000008b500000|  0%| F|  |TAMS 0x000000008b400000, 0x000000008b400000| Untracked 
| 151|0x000000008b500000, 0x000000008b500000, 0x000000008b600000|  0%| F|  |TAMS 0x000000008b500000, 0x000000008b500000| Untracked 
| 152|0x000000008b600000, 0x000000008b600000, 0x000000008b700000|  0%| F|  |TAMS 0x000000008b600000, 0x000000008b600000| Untracked 
| 153|0x000000008b700000, 0x000000008b700000, 0x000000008b800000|  0%| F|  |TAMS 0x000000008b700000, 0x000000008b700000| Untracked 

Card table byte_map: [0x0000028870600000,0x0000028870a00000] _byte_map_base: 0x00000288701f1000

Marking Bits (Prev, Next): (CMBitMap*) 0x00000288658ab800, (CMBitMap*) 0x00000288658ab840
 Prev Bits: [0x0000028870e00000, 0x0000028872d88000)
 Next Bits: [0x0000028872d90000, 0x0000028874d18000)

Polling page: 0x0000028865010000

Metaspace:

Usage:
  Non-class:     50.65 MB used.
      Class:      7.53 MB used.
       Both:     58.18 MB used.

Virtual space:
  Non-class space:       64.00 MB reserved,      50.94 MB ( 80%) committed,  1 nodes.
      Class space:        1.00 GB reserved,       7.81 MB ( <1%) committed,  1 nodes.
             Both:        1.06 GB reserved,      58.75 MB (  5%) committed. 

Chunk freelists:
   Non-Class:  12.53 MB
       Class:  8.17 MB
        Both:  20.69 MB

MaxMetaspaceSize: unlimited
CompressedClassSpaceSize: 1.00 GB
Initial GC threshold: 21.00 MB
Current GC threshold: 97.94 MB
CDS: on
MetaspaceReclaimPolicy: balanced
 - commit_granule_bytes: 65536.
 - commit_granule_words: 8192.
 - virtual_space_node_default_size: 8388608.
 - enlarge_chunks_in_place: 1.
 - new_chunks_are_fully_committed: 0.
 - uncommit_free_chunks: 1.
 - use_allocation_guard: 0.
 - handle_deallocations: 1.


Internal statistics:

num_allocs_failed_limit: 6.
num_arena_births: 862.
num_arena_deaths: 266.
num_vsnodes_births: 2.
num_vsnodes_deaths: 0.
num_space_committed: 940.
num_space_uncommitted: 0.
num_chunks_returned_to_freelist: 369.
num_chunks_taken_from_freelist: 3575.
num_chunk_merges: 71.
num_chunk_splits: 2144.
num_chunks_enlarged: 1415.
num_inconsistent_stats: 0.

CodeCache: size=49152Kb used=19980Kb max_used=21439Kb free=29171Kb
 bounds [0x000002886d0f0000, 0x000002886e5e0000, 0x00000288700f0000]
 total_blobs=11570 nmethods=10984 adapters=513
 compilation: enabled
              stopped_count=0, restarted_count=0
 full_count=0

Compilation events (20 events):
Event: 2133.466 Thread 0x00000288777d53c0 10979   !   1       org.springframework.beans.AbstractNestablePropertyAccessor::processLocalProperty (467 bytes)
Event: 2133.466 Thread 0x000002887e7e7ca0 10980   !   1       org.springframework.beans.BeanWrapperImpl$BeanPropertyHandler::setValue (100 bytes)
Event: 2133.467 Thread 0x000002887e7e7ca0 nmethod 10980 0x000002886e417510 code [0x000002886e417780, 0x000002886e417fb8]
Event: 2133.467 Thread 0x000002887e7e7ca0 10981       1       org.springframework.beans.GenericTypeAwarePropertyDescriptor::getWriteMethodForActualAccess (89 bytes)
Event: 2133.468 Thread 0x000002887e7e7ca0 nmethod 10981 0x000002886e416810 code [0x000002886e416aa0, 0x000002886e417128]
Event: 2133.470 Thread 0x00000288777d53c0 nmethod 10979 0x000002886e412510 code [0x000002886e412a80, 0x000002886e414fa8]
Event: 2135.943 Thread 0x00000288777d53c0 10982       1       jdk.internal.reflect.MethodAccessorGenerator::generate (762 bytes)
Event: 2135.951 Thread 0x00000288777d53c0 nmethod 10982 0x000002886e40b890 code [0x000002886e40c1c0, 0x000002886e40fc28]
Event: 2135.951 Thread 0x00000288777d53c0 10985       1       jdk.internal.reflect.MethodAccessorGenerator::numNonPrimitiveParameterTypes (36 bytes)
Event: 2135.951 Thread 0x00000288777d53c0 nmethod 10985 0x000002886e40b510 code [0x000002886e40b6a0, 0x000002886e40b7d8]
Event: 2135.951 Thread 0x00000288777d53c0 10987       1       jdk.internal.reflect.MethodAccessorGenerator::buildInternalSignature (73 bytes)
Event: 2135.952 Thread 0x00000288777d53c0 nmethod 10987 0x000002886e40ac90 code [0x000002886e40aea0, 0x000002886e40b2a8]
Event: 2135.952 Thread 0x00000288777d53c0 10984       1       jdk.internal.reflect.MethodAccessorGenerator::usesPrimitiveTypes (45 bytes)
Event: 2135.952 Thread 0x00000288777d53c0 nmethod 10984 0x000002886e40a810 code [0x000002886e40a9c0, 0x000002886e40ab78]
Event: 2135.952 Thread 0x00000288777d53c0 10983       1       jdk.internal.reflect.ClassFileAssembler::emitMagicAndVersion (18 bytes)
Event: 2135.952 Thread 0x00000288777d53c0 nmethod 10983 0x000002886e40a190 code [0x000002886e40a360, 0x000002886e40a5e8]
Event: 2135.952 Thread 0x00000288777d53c0 10986  s    1       jdk.internal.reflect.MethodAccessorGenerator::generateName (101 bytes)
Event: 2135.953 Thread 0x00000288777d53c0 nmethod 10986 0x000002886e409210 code [0x000002886e4094a0, 0x000002886e409e28]
Event: 2135.953 Thread 0x00000288777d53c0 10988       1       jdk.internal.reflect.AccessorGenerator::emitCommonConstantPoolEntries (573 bytes)
Event: 2135.958 Thread 0x00000288777d53c0 nmethod 10988 0x000002886e402310 code [0x000002886e402c80, 0x000002886e406898]

GC Heap History (20 events):
Event: 2105.425 GC heap after
{Heap after GC invocations=68 (full 6):
 garbage-first heap   total 157696K, used 66711K [0x0000000081e00000, 0x0000000100000000)
  region size 1024K, 5 young (5120K), 5 survivors (5120K)
 Metaspace       used 57679K, committed 58176K, reserved 1114112K
  class space    used 7573K, committed 7808K, reserved 1048576K
}
Event: 2106.680 GC heap before
{Heap before GC invocations=68 (full 6):
 garbage-first heap   total 157696K, used 127127K [0x0000000081e00000, 0x0000000100000000)
  region size 1024K, 64 young (65536K), 5 survivors (5120K)
 Metaspace       used 57911K, committed 58432K, reserved 1114112K
  class space    used 7586K, committed 7808K, reserved 1048576K
}
Event: 2106.685 GC heap after
{Heap after GC invocations=69 (full 6):
 garbage-first heap   total 157696K, used 68400K [0x0000000081e00000, 0x0000000100000000)
  region size 1024K, 6 young (6144K), 6 survivors (6144K)
 Metaspace       used 57911K, committed 58432K, reserved 1114112K
  class space    used 7586K, committed 7808K, reserved 1048576K
}
Event: 2107.012 GC heap before
{Heap before GC invocations=69 (full 6):
 garbage-first heap   total 157696K, used 128816K [0x0000000081e00000, 0x0000000100000000)
  region size 1024K, 65 young (66560K), 6 survivors (6144K)
 Metaspace       used 58339K, committed 58880K, reserved 1114112K
  class space    used 7609K, committed 7872K, reserved 1048576K
}
Event: 2107.034 GC heap after
{Heap after GC invocations=70 (full 6):
 garbage-first heap   total 157696K, used 70184K [0x0000000081e00000, 0x0000000100000000)
  region size 1024K, 4 young (4096K), 4 survivors (4096K)
 Metaspace       used 58339K, committed 58880K, reserved 1114112K
  class space    used 7609K, committed 7872K, reserved 1048576K
}
Event: 2107.785 GC heap before
{Heap before GC invocations=70 (full 6):
 garbage-first heap   total 157696K, used 129576K [0x0000000081e00000, 0x0000000100000000)
  region size 1024K, 62 young (63488K), 4 survivors (4096K)
 Metaspace       used 58556K, committed 59072K, reserved 1114112K
  class space    used 7627K, committed 7872K, reserved 1048576K
}
Event: 2107.790 GC heap after
{Heap after GC invocations=71 (full 6):
 garbage-first heap   total 157696K, used 72846K [0x0000000081e00000, 0x0000000100000000)
  region size 1024K, 7 young (7168K), 7 survivors (7168K)
 Metaspace       used 58556K, committed 59072K, reserved 1114112K
  class space    used 7627K, committed 7872K, reserved 1048576K
}
Event: 2129.195 GC heap before
{Heap before GC invocations=71 (full 6):
 garbage-first heap   total 157696K, used 80014K [0x0000000081e00000, 0x0000000100000000)
  region size 1024K, 15 young (15360K), 7 survivors (7168K)
 Metaspace       used 58559K, committed 59072K, reserved 1114112K
  class space    used 7627K, committed 7872K, reserved 1048576K
}
Event: 2129.293 GC heap after
{Heap after GC invocations=72 (full 7):
 garbage-first heap   total 157696K, used 68180K [0x0000000081e00000, 0x0000000100000000)
  region size 1024K, 0 young (0K), 0 survivors (0K)
 Metaspace       used 58535K, committed 59072K, reserved 1114112K
  class space    used 7624K, committed 7872K, reserved 1048576K
}
Event: 2131.832 GC heap before
{Heap before GC invocations=72 (full 7):
 garbage-first heap   total 157696K, used 128596K [0x0000000081e00000, 0x0000000100000000)
  region size 1024K, 60 young (61440K), 0 survivors (0K)
 Metaspace       used 58807K, committed 59392K, reserved 1114112K
  class space    used 7667K, committed 7936K, reserved 1048576K
}
Event: 2131.850 GC heap after
{Heap after GC invocations=73 (full 7):
 garbage-first heap   total 157696K, used 72276K [0x0000000081e00000, 0x0000000100000000)
  region size 1024K, 4 young (4096K), 4 survivors (4096K)
 Metaspace       used 58807K, committed 59392K, reserved 1114112K
  class space    used 7667K, committed 7936K, reserved 1048576K
}
Event: 2133.232 GC heap before
{Heap before GC invocations=74 (full 7):
 garbage-first heap   total 157696K, used 128596K [0x0000000081e00000, 0x0000000100000000)
  region size 1024K, 59 young (60416K), 4 survivors (4096K)
 Metaspace       used 58957K, committed 59520K, reserved 1114112K
  class space    used 7677K, committed 7936K, reserved 1048576K
}
Event: 2133.236 GC heap after
{Heap after GC invocations=75 (full 7):
 garbage-first heap   total 157696K, used 74035K [0x0000000081e00000, 0x0000000100000000)
  region size 1024K, 6 young (6144K), 6 survivors (6144K)
 Metaspace       used 58957K, committed 59520K, reserved 1114112K
  class space    used 7677K, committed 7936K, reserved 1048576K
}
Event: 2133.497 GC heap before
{Heap before GC invocations=75 (full 7):
 garbage-first heap   total 157696K, used 129331K [0x0000000081e00000, 0x0000000100000000)
  region size 1024K, 60 young (61440K), 6 survivors (6144K)
 Metaspace       used 59335K, committed 59840K, reserved 1114112K
  class space    used 7696K, committed 7936K, reserved 1048576K
}
Event: 2135.861 GC heap after
{Heap after GC invocations=76 (full 7):
 garbage-first heap   total 157696K, used 75533K [0x0000000081e00000, 0x0000000100000000)
  region size 1024K, 4 young (4096K), 4 survivors (4096K)
 Metaspace       used 59335K, committed 59840K, reserved 1114112K
  class space    used 7696K, committed 7936K, reserved 1048576K
}
Event: 2135.889 GC heap before
{Heap before GC invocations=76 (full 7):
 garbage-first heap   total 157696K, used 77581K [0x0000000081e00000, 0x0000000100000000)
  region size 1024K, 7 young (7168K), 4 survivors (4096K)
 Metaspace       used 59471K, committed 60096K, reserved 1114112K
  class space    used 7704K, committed 8000K, reserved 1048576K
}
Event: 2135.893 GC heap after
{Heap after GC invocations=77 (full 7):
 garbage-first heap   total 157696K, used 75789K [0x0000000081e00000, 0x0000000100000000)
  region size 1024K, 1 young (1024K), 1 survivors (1024K)
 Metaspace       used 59471K, committed 60096K, reserved 1114112K
  class space    used 7704K, committed 8000K, reserved 1048576K
}
Event: 2135.914 GC heap before
{Heap before GC invocations=77 (full 7):
 garbage-first heap   total 157696K, used 80909K [0x0000000081e00000, 0x0000000100000000)
  region size 1024K, 7 young (7168K), 1 survivors (1024K)
 Metaspace       used 59471K, committed 60096K, reserved 1114112K
  class space    used 7704K, committed 8000K, reserved 1048576K
}
Event: 2135.915 GC heap after
{Heap after GC invocations=78 (full 7):
 garbage-first heap   total 157696K, used 75452K [0x0000000081e00000, 0x0000000100000000)
  region size 1024K, 1 young (1024K), 1 survivors (1024K)
 Metaspace       used 59471K, committed 60096K, reserved 1114112K
  class space    used 7704K, committed 8000K, reserved 1048576K
}
Event: 2135.997 GC heap before
{Heap before GC invocations=78 (full 7):
 garbage-first heap   total 157696K, used 85692K [0x0000000081e00000, 0x0000000100000000)
  region size 1024K, 12 young (12288K), 1 survivors (1024K)
 Metaspace       used 59576K, committed 60160K, reserved 1114112K
  class space    used 7709K, committed 8000K, reserved 1048576K
}

Deoptimization events (4 events):
Event: 5.545 Thread 0x000002887cb1aef0 DEOPT PACKING pc=0x000002886d85404c sp=0x000000f46f5fe030
Event: 5.545 Thread 0x000002887cb1aef0 DEOPT UNPACKING pc=0x000002886d142b43 sp=0x000000f46f5fd570 mode 0
Event: 10.243 Thread 0x000002887cb1aef0 DEOPT PACKING pc=0x000002886d709caa sp=0x000000f46f5f9c70
Event: 10.243 Thread 0x000002887cb1aef0 DEOPT UNPACKING pc=0x000002886d142b43 sp=0x000000f46f5f9178 mode 3

Classes unloaded (20 events):
Event: 2079.245 Thread 0x00000288777abb60 Unloading class 0x0000028801780000 'jdk/internal/reflect/GeneratedSerializationConstructorAccessor55'
Event: 2079.245 Thread 0x00000288777abb60 Unloading class 0x0000028801779400 'jdk/internal/reflect/GeneratedSerializationConstructorAccessor54'
Event: 2079.245 Thread 0x00000288777abb60 Unloading class 0x0000028801779000 'jdk/internal/reflect/GeneratedSerializationConstructorAccessor53'
Event: 2079.245 Thread 0x00000288777abb60 Unloading class 0x0000028801778c00 'jdk/internal/reflect/GeneratedSerializationConstructorAccessor52'
Event: 2079.245 Thread 0x00000288777abb60 Unloading class 0x0000028801778800 'jdk/internal/reflect/GeneratedSerializationConstructorAccessor51'
Event: 2079.245 Thread 0x00000288777abb60 Unloading class 0x0000028801778400 'jdk/internal/reflect/GeneratedSerializationConstructorAccessor50'
Event: 2104.389 Thread 0x00000288777abb60 Unloading class 0x0000028801798800 'jdk/internal/reflect/GeneratedSerializationConstructorAccessor63'
Event: 2104.389 Thread 0x00000288777abb60 Unloading class 0x0000028801798400 'jdk/internal/reflect/GeneratedSerializationConstructorAccessor62'
Event: 2104.389 Thread 0x00000288777abb60 Unloading class 0x0000028801798000 'jdk/internal/reflect/GeneratedSerializationConstructorAccessor61'
Event: 2104.389 Thread 0x00000288777abb60 Unloading class 0x0000028801794c00 'jdk/internal/reflect/GeneratedSerializationConstructorAccessor60'
Event: 2104.389 Thread 0x00000288777abb60 Unloading class 0x0000028801794800 'jdk/internal/reflect/GeneratedSerializationConstructorAccessor59'
Event: 2104.389 Thread 0x00000288777abb60 Unloading class 0x0000028801794400 'jdk/internal/reflect/GeneratedSerializationConstructorAccessor58'
Event: 2104.389 Thread 0x00000288777abb60 Unloading class 0x0000028801794000 'jdk/internal/reflect/GeneratedSerializationConstructorAccessor57'
Event: 2129.238 Thread 0x00000288777abb60 Unloading class 0x00000288017b4c00 'jdk/internal/reflect/GeneratedSerializationConstructorAccessor70'
Event: 2129.238 Thread 0x00000288777abb60 Unloading class 0x00000288017b4800 'jdk/internal/reflect/GeneratedSerializationConstructorAccessor69'
Event: 2129.238 Thread 0x00000288777abb60 Unloading class 0x00000288017b4400 'jdk/internal/reflect/GeneratedSerializationConstructorAccessor68'
Event: 2129.238 Thread 0x00000288777abb60 Unloading class 0x00000288017b4000 'jdk/internal/reflect/GeneratedSerializationConstructorAccessor67'
Event: 2129.238 Thread 0x00000288777abb60 Unloading class 0x00000288017ab400 'jdk/internal/reflect/GeneratedSerializationConstructorAccessor66'
Event: 2129.238 Thread 0x00000288777abb60 Unloading class 0x00000288017ab000 'jdk/internal/reflect/GeneratedSerializationConstructorAccessor65'
Event: 2129.238 Thread 0x00000288777abb60 Unloading class 0x00000288017aac00 'jdk/internal/reflect/GeneratedSerializationConstructorAccessor64'

Classes redefined (0 events):
No events

Internal exceptions (20 events):
Event: 2133.046 Thread 0x000002887d5213f0 Exception <a 'java/io/IOException'{0x0000000089b52418}> (0x0000000089b52418) 
thrown [s\open\src\hotspot\share\prims\jni.cpp, line 516]
Event: 2133.046 Thread 0x000002887d5213f0 Exception <a 'java/io/IOException'{0x0000000089b52fc0}> (0x0000000089b52fc0) 
thrown [s\open\src\hotspot\share\prims\jni.cpp, line 516]
Event: 2133.086 Thread 0x000002887d5213f0 Exception <a 'java/io/IOException'{0x000000008993ac40}> (0x000000008993ac40) 
thrown [s\open\src\hotspot\share\prims\jni.cpp, line 516]
Event: 2133.086 Thread 0x000002887d5213f0 Exception <a 'java/io/IOException'{0x000000008993b7e8}> (0x000000008993b7e8) 
thrown [s\open\src\hotspot\share\prims\jni.cpp, line 516]
Event: 2133.087 Thread 0x000002887d5213f0 Exception <a 'java/io/IOException'{0x00000000899497c8}> (0x00000000899497c8) 
thrown [s\open\src\hotspot\share\prims\jni.cpp, line 516]
Event: 2133.088 Thread 0x000002887d5213f0 Exception <a 'java/io/IOException'{0x000000008994a0c8}> (0x000000008994a0c8) 
thrown [s\open\src\hotspot\share\prims\jni.cpp, line 516]
Event: 2133.088 Thread 0x000002887d5213f0 Exception <a 'java/io/IOException'{0x000000008994ad80}> (0x000000008994ad80) 
thrown [s\open\src\hotspot\share\prims\jni.cpp, line 516]
Event: 2133.088 Thread 0x000002887d5213f0 Exception <a 'java/io/IOException'{0x000000008994b680}> (0x000000008994b680) 
thrown [s\open\src\hotspot\share\prims\jni.cpp, line 516]
Event: 2133.088 Thread 0x000002887d5213f0 Exception <a 'java/io/IOException'{0x000000008994c000}> (0x000000008994c000) 
thrown [s\open\src\hotspot\share\prims\jni.cpp, line 516]
Event: 2133.088 Thread 0x000002887d5213f0 Exception <a 'java/io/IOException'{0x000000008994c900}> (0x000000008994c900) 
thrown [s\open\src\hotspot\share\prims\jni.cpp, line 516]
Event: 2133.124 Thread 0x000002887d5213f0 Exception <a 'java/io/IOException'{0x000000008994da18}> (0x000000008994da18) 
thrown [s\open\src\hotspot\share\prims\jni.cpp, line 516]
Event: 2133.124 Thread 0x000002887d5213f0 Exception <a 'java/io/IOException'{0x000000008994e318}> (0x000000008994e318) 
thrown [s\open\src\hotspot\share\prims\jni.cpp, line 516]
Event: 2133.124 Thread 0x000002887d5213f0 Exception <a 'java/io/IOException'{0x000000008994ec50}> (0x000000008994ec50) 
thrown [s\open\src\hotspot\share\prims\jni.cpp, line 516]
Event: 2133.124 Thread 0x000002887d5213f0 Exception <a 'java/io/IOException'{0x000000008994f550}> (0x000000008994f550) 
thrown [s\open\src\hotspot\share\prims\jni.cpp, line 516]
Event: 2133.124 Thread 0x000002887d5213f0 Exception <a 'java/io/IOException'{0x000000008994fe88}> (0x000000008994fe88) 
thrown [s\open\src\hotspot\share\prims\jni.cpp, line 516]
Event: 2133.124 Thread 0x000002887d5213f0 Exception <a 'java/io/IOException'{0x0000000089950788}> (0x0000000089950788) 
thrown [s\open\src\hotspot\share\prims\jni.cpp, line 516]
Event: 2133.124 Thread 0x000002887d5213f0 Exception <a 'java/io/IOException'{0x0000000089951178}> (0x0000000089951178) 
thrown [s\open\src\hotspot\share\prims\jni.cpp, line 516]
Event: 2133.124 Thread 0x000002887d5213f0 Exception <a 'java/io/IOException'{0x0000000089951a78}> (0x0000000089951a78) 
thrown [s\open\src\hotspot\share\prims\jni.cpp, line 516]
Event: 2135.982 Thread 0x000002887d5213f0 Exception <a 'java/io/IOException'{0x000000008adf1dd0}> (0x000000008adf1dd0) 
thrown [s\open\src\hotspot\share\prims\jni.cpp, line 516]
Event: 2135.982 Thread 0x000002887d5213f0 Exception <a 'java/io/IOException'{0x000000008adf26d0}> (0x000000008adf26d0) 
thrown [s\open\src\hotspot\share\prims\jni.cpp, line 516]

VM Operations (20 events):
Event: 2131.293 Executing VM operation: Cleanup done
Event: 2131.831 Executing VM operation: G1CollectForAllocation
Event: 2131.864 Executing VM operation: G1CollectForAllocation done
Event: 2131.985 Executing VM operation: G1Concurrent
Event: 2131.990 Executing VM operation: G1Concurrent done
Event: 2132.045 Executing VM operation: G1Concurrent
Event: 2132.045 Executing VM operation: G1Concurrent done
Event: 2133.046 Executing VM operation: Cleanup
Event: 2133.046 Executing VM operation: Cleanup done
Event: 2133.232 Executing VM operation: G1CollectForAllocation
Event: 2133.236 Executing VM operation: G1CollectForAllocation done
Event: 2133.496 Executing VM operation: G1CollectForAllocation
Event: 2135.861 Executing VM operation: G1CollectForAllocation done
Event: 2135.889 Executing VM operation: G1CollectForAllocation
Event: 2135.893 Executing VM operation: G1CollectForAllocation done
Event: 2135.914 Executing VM operation: G1CollectForAllocation
Event: 2135.915 Executing VM operation: G1CollectForAllocation done
Event: 2135.965 Executing VM operation: G1Concurrent
Event: 2135.969 Executing VM operation: G1Concurrent done
Event: 2135.997 Executing VM operation: G1CollectForAllocation

Events (20 events):
Event: 2129.186 Thread 0x000002887c7c5b50 Thread exited: 0x000002887c7c5b50
Event: 2129.186 Thread 0x000002887c7c28b0 Thread exited: 0x000002887c7c28b0
Event: 2129.186 Thread 0x000002887c7c4200 Thread exited: 0x000002887c7c4200
Event: 2129.187 Thread 0x000002887c7c1470 Thread exited: 0x000002887c7c1470
Event: 2129.187 Thread 0x000002887c7c7ec0 Thread exited: 0x000002887c7c7ec0
Event: 2129.187 Thread 0x000002887c7c6f90 Thread exited: 0x000002887c7c6f90
Event: 2129.193 Thread 0x000002887c7c1e90 Thread exited: 0x000002887c7c1e90
Event: 2129.195 Thread 0x000002887c7c1980 Thread exited: 0x000002887c7c1980
Event: 2129.293 Thread 0x000002887d522320 Thread added: 0x000002887d522320
Event: 2129.294 Thread 0x000002887d522320 Thread exited: 0x000002887d522320
Event: 2129.294 Thread 0x000002887d5213f0 Thread added: 0x000002887d5213f0
Event: 2129.631 Thread 0x000002887c7c5130 Thread added: 0x000002887c7c5130
Event: 2129.663 Thread 0x000002887c7c5130 Thread exited: 0x000002887c7c5130
Event: 2132.072 Thread 0x000002887c7c5640 Thread added: 0x000002887c7c5640
Event: 2132.072 Thread 0x000002887c7c7ec0 Thread added: 0x000002887c7c7ec0
Event: 2132.072 Thread 0x000002887c7c1470 Thread added: 0x000002887c7c1470
Event: 2133.045 Thread 0x000002887c7c5b50 Thread added: 0x000002887c7c5b50
Event: 2133.045 Thread 0x000002887c7c6060 Thread added: 0x000002887c7c6060
Event: 2133.195 Thread 0x000002887e7e7ca0 Thread added: 0x000002887e7e7ca0
Event: 2135.943 Thread 0x000002887e7e7ca0 Thread exited: 0x000002887e7e7ca0


Dynamic libraries:
0x00007ff63e820000 - 0x00007ff63e830000 	D:\Develop\jdk\bin\java.exe
0x00007ffaf1b50000 - 0x00007ffaf1d48000 	C:\WINDOWS\SYSTEM32\ntdll.dll
0x00007ffaf1510000 - 0x00007ffaf15cd000 	C:\WINDOWS\System32\KERNEL32.DLL
0x00007ffaef4c0000 - 0x00007ffaef7b6000 	C:\WINDOWS\System32\KERNELBASE.dll
0x00007ffaef2c0000 - 0x00007ffaef3c0000 	C:\WINDOWS\System32\ucrtbase.dll
0x00007ffabbb90000 - 0x00007ffabbba9000 	D:\Develop\jdk\bin\jli.dll
0x00007ffae0850000 - 0x00007ffae086b000 	D:\Develop\jdk\bin\VCRUNTIME140.dll
0x00007ffaf03b0000 - 0x00007ffaf0463000 	C:\WINDOWS\System32\ADVAPI32.dll
0x00007ffaf1470000 - 0x00007ffaf150e000 	C:\WINDOWS\System32\msvcrt.dll
0x00007ffaf1730000 - 0x00007ffaf17cf000 	C:\WINDOWS\System32\sechost.dll
0x00007ffaf17d0000 - 0x00007ffaf18f6000 	C:\WINDOWS\System32\RPCRT4.dll
0x00007ffaef8b0000 - 0x00007ffaef8d7000 	C:\WINDOWS\System32\bcrypt.dll
0x00007ffaf10c0000 - 0x00007ffaf125e000 	C:\WINDOWS\System32\USER32.dll
0x00007ffaefa00000 - 0x00007ffaefa22000 	C:\WINDOWS\System32\win32u.dll
0x00007ffad9b00000 - 0x00007ffad9d9a000 	C:\WINDOWS\WinSxS\amd64_microsoft.windows.common-controls_6595b64144ccf1df_6.0.19041.3636_none_60b6a03d71f818d5\COMCTL32.dll
0x00007ffaf0ef0000 - 0x00007ffaf0f1b000 	C:\WINDOWS\System32\GDI32.dll
0x00007ffaef8e0000 - 0x00007ffaef9f7000 	C:\WINDOWS\System32\gdi32full.dll
0x00007ffaef810000 - 0x00007ffaef8ad000 	C:\WINDOWS\System32\msvcp_win.dll
0x00007ffae5210000 - 0x00007ffae521a000 	C:\WINDOWS\SYSTEM32\VERSION.dll
0x00007ffaf0d80000 - 0x00007ffaf0db2000 	C:\WINDOWS\System32\IMM32.DLL
0x00007ffad74a0000 - 0x00007ffad74ac000 	D:\Develop\jdk\bin\vcruntime140_1.dll
0x00007ffa85d00000 - 0x00007ffa85d8e000 	D:\Develop\jdk\bin\msvcp140.dll
0x00007ffa6b190000 - 0x00007ffa6bd6f000 	D:\Develop\jdk\bin\server\jvm.dll
0x00007ffaf0940000 - 0x00007ffaf0948000 	C:\WINDOWS\System32\PSAPI.DLL
0x00007ffad34a0000 - 0x00007ffad34c7000 	C:\WINDOWS\SYSTEM32\WINMM.dll
0x00007ffadf9c0000 - 0x00007ffadf9c9000 	C:\WINDOWS\SYSTEM32\WSOCK32.dll
0x00007ffaf0d10000 - 0x00007ffaf0d7b000 	C:\WINDOWS\System32\WS2_32.dll
0x00007ffaedcc0000 - 0x00007ffaedcd2000 	C:\WINDOWS\SYSTEM32\kernel.appcore.dll
0x00007ffacd840000 - 0x00007ffacd84a000 	D:\Develop\jdk\bin\jimage.dll
0x00007ffae9f70000 - 0x00007ffaea154000 	C:\WINDOWS\SYSTEM32\DBGHELP.DLL
0x00007ffad6130000 - 0x00007ffad6164000 	C:\WINDOWS\SYSTEM32\dbgcore.DLL
0x00007ffaef430000 - 0x00007ffaef4b2000 	C:\WINDOWS\System32\bcryptPrimitives.dll
0x00007ffae66d0000 - 0x00007ffae66de000 	D:\Develop\jdk\bin\instrument.dll
0x00007ffabbb60000 - 0x00007ffabbb85000 	D:\Develop\jdk\bin\java.dll
0x00007ffaa5360000 - 0x00007ffaa5437000 	D:\Develop\jdk\bin\jsvml.dll
0x00007ffaefbb0000 - 0x00007ffaf02f5000 	C:\WINDOWS\System32\SHELL32.dll
0x00007ffaed270000 - 0x00007ffaeda0c000 	C:\WINDOWS\SYSTEM32\windows.storage.dll
0x00007ffaf09b0000 - 0x00007ffaf0d04000 	C:\WINDOWS\System32\combase.dll
0x00007ffaeec40000 - 0x00007ffaeec6e000 	C:\WINDOWS\SYSTEM32\Wldp.dll
0x00007ffaf1660000 - 0x00007ffaf172d000 	C:\WINDOWS\System32\OLEAUT32.dll
0x00007ffaf1a60000 - 0x00007ffaf1b0d000 	C:\WINDOWS\System32\SHCORE.dll
0x00007ffaf0950000 - 0x00007ffaf09a5000 	C:\WINDOWS\System32\shlwapi.dll
0x00007ffaef140000 - 0x00007ffaef165000 	C:\WINDOWS\SYSTEM32\profapi.dll
0x00007ffaa6d50000 - 0x00007ffaa6d68000 	D:\Develop\jdk\bin\zip.dll
0x00007ffaad110000 - 0x00007ffaad129000 	D:\Develop\jdk\bin\net.dll
0x00007ffae1e90000 - 0x00007ffae1f9a000 	C:\WINDOWS\SYSTEM32\WINHTTP.dll
0x00007ffaee9a0000 - 0x00007ffaeea0a000 	C:\WINDOWS\system32\mswsock.dll
0x00007ffaad0f0000 - 0x00007ffaad106000 	D:\Develop\jdk\bin\nio.dll
0x00007ffadfbc0000 - 0x00007ffadfbda000 	D:\Develop\IntelliJ IDEA 2023.3.4\bin\breakgen64.dll
0x00007ffaee690000 - 0x00007ffaee75b000 	C:\WINDOWS\SYSTEM32\DNSAPI.dll
0x00007ffaee640000 - 0x00007ffaee67b000 	C:\WINDOWS\SYSTEM32\IPHLPAPI.DLL
0x00007ffaf0f80000 - 0x00007ffaf0f88000 	C:\WINDOWS\System32\NSI.dll
0x00007ffae30b0000 - 0x00007ffae30ba000 	C:\Windows\System32\rasadhlp.dll
0x00007ffae0f30000 - 0x00007ffae0fb0000 	C:\WINDOWS\System32\fwpuclnt.dll
0x00007ffae5b40000 - 0x00007ffae5b4a000 	D:\Develop\jdk\bin\management.dll
0x00007ffae08a0000 - 0x00007ffae08ab000 	D:\Develop\jdk\bin\management_ext.dll
0x00007ffaeeb90000 - 0x00007ffaeeba8000 	C:\WINDOWS\SYSTEM32\CRYPTSP.dll
0x00007ffaee260000 - 0x00007ffaee294000 	C:\WINDOWS\system32\rsaenh.dll
0x00007ffaef100000 - 0x00007ffaef12e000 	C:\WINDOWS\SYSTEM32\USERENV.dll
0x00007ffaeebb0000 - 0x00007ffaeebbc000 	C:\WINDOWS\SYSTEM32\CRYPTBASE.dll
0x00007ffae33e0000 - 0x00007ffae33f7000 	C:\WINDOWS\SYSTEM32\dhcpcsvc6.DLL
0x00007ffae32d0000 - 0x00007ffae32ed000 	C:\WINDOWS\SYSTEM32\dhcpcsvc.DLL
0x00007ffae9580000 - 0x00007ffae9597000 	C:\WINDOWS\system32\napinsp.dll
0x00007ffae9560000 - 0x00007ffae957b000 	C:\WINDOWS\system32\pnrpnsp.dll
0x00007ffae6650000 - 0x00007ffae6665000 	C:\WINDOWS\system32\wshbth.dll
0x00007ffae7120000 - 0x00007ffae713d000 	C:\WINDOWS\system32\NLAapi.dll
0x00007ffae9540000 - 0x00007ffae9552000 	C:\WINDOWS\System32\winrnr.dll
0x00007ffae06a0000 - 0x00007ffae06b0000 	D:\Develop\jdk\bin\verify.dll
0x00007ffae2da0000 - 0x00007ffae2dae000 	D:\Develop\jdk\bin\sunmscapi.dll
0x00007ffaefa30000 - 0x00007ffaefb8d000 	C:\WINDOWS\System32\CRYPT32.dll
0x00007ffaeecb0000 - 0x00007ffaeecd8000 	C:\WINDOWS\SYSTEM32\ncrypt.dll
0x00007ffaeec70000 - 0x00007ffaeecab000 	C:\WINDOWS\SYSTEM32\NTASN1.dll
0x00007ffacfb00000 - 0x00007ffacfb07000 	C:\WINDOWS\system32\wshunix.dll

dbghelp: loaded successfully - version: 4.0.5 - missing functions: none
symbol engine: initialized successfully - sym options: 0x614 - pdb path: .;D:\Develop\jdk\bin;C:\WINDOWS\SYSTEM32;C:\WINDOWS\WinSxS\amd64_microsoft.windows.common-controls_6595b64144ccf1df_6.0.19041.3636_none_60b6a03d71f818d5;D:\Develop\jdk\bin\server;D:\Develop\IntelliJ IDEA 2023.3.4\bin

VM Arguments:
jvm_args: -XX:TieredStopAtLevel=1 -Dspring.output.ansi.enabled=always -Dcom.sun.management.jmxremote -Dspring.jmx.enabled=true -Dspring.liveBeansView.mbeanDomain -Dspring.application.admin.enabled=true -Dmanagement.endpoints.jmx.exposure.include=* -javaagent:D:\Develop\IntelliJ IDEA 2023.3.4\lib\idea_rt.jar=58226:D:\Develop\IntelliJ IDEA 2023.3.4\bin -Dfile.encoding=UTF-8 
java_command: cn.xypt.CampusErrandsApp
java_class_path (initial): D:\Graduation project\campus-errands-back-master\target\classes;D:\tian\mymvnrepo\org\springframework\boot\spring-boot-starter-aop\2.7.7\spring-boot-starter-aop-2.7.7.jar;D:\tian\mymvnrepo\org\springframework\boot\spring-boot-starter\2.7.7\spring-boot-starter-2.7.7.jar;D:\tian\mymvnrepo\org\springframework\boot\spring-boot-starter-logging\2.7.7\spring-boot-starter-logging-2.7.7.jar;D:\tian\mymvnrepo\ch\qos\logback\logback-classic\1.2.11\logback-classic-1.2.11.jar;D:\tian\mymvnrepo\ch\qos\logback\logback-core\1.2.11\logback-core-1.2.11.jar;D:\tian\mymvnrepo\org\apache\logging\log4j\log4j-to-slf4j\2.17.2\log4j-to-slf4j-2.17.2.jar;D:\tian\mymvnrepo\org\slf4j\jul-to-slf4j\1.7.36\jul-to-slf4j-1.7.36.jar;D:\tian\mymvnrepo\jakarta\annotation\jakarta.annotation-api\1.3.5\jakarta.annotation-api-1.3.5.jar;D:\tian\mymvnrepo\org\yaml\snakeyaml\1.30\snakeyaml-1.30.jar;D:\tian\mymvnrepo\org\springframework\spring-aop\5.3.24\spring-aop-5.3.24.jar;D:\tian\mymvnrepo\org\springframework\spring-beans\5.3.24\spring-beans-5.3.24.jar;D:\tian\mymvnrepo\org\aspectj\aspectjweaver\1.9.7\aspectjweaver-1.9.7.jar;D:\tian\mymvnrepo\org\springframework\boot\spring-boot-starter-web\2.7.7\spring-boot-starter-web-2.7.7.jar;D:\tian\mymvnrepo\org\springframework\boot\spring-boot-starter-json\2.7.7\spring-boot-starter-json-2.7.7.jar;D:\tian\mymvnrepo\com\fasterxml\jackson\datatype\jackson-datatype-jdk8\2.13.4\jackson-datatype-jdk8-2.13.4.jar;D:\tian\mymvnrepo\com\fasterxml\jackson\datatype\jackson-datatype-jsr310\2.13.4\jackson-datatype-jsr310-2.13.4.jar;D:\tian\mymvnrepo\com\fasterxml\jackson\module\jackson-module-parameter-names\2.13.4\jackson-module-parameter-names-2.13.4.jar;D:\tian\mymvnrepo\org\springframework\boot\spring-boot-starter-tomcat\2.7.7\spring-boot-starter-tomcat-2.7.7.jar;D:\tian\mymvnrepo\org\apache\tomcat\embed\tomcat-embed-core\9.0.70\tomcat-embed-core-9.0.70.jar;D:\tian\mymvnrepo\org\apache\tomcat\embed\tomcat-embed-websocket\9.0.70\tomcat-embed-websoc
Launcher Type: SUN_STANDARD

[Global flags]
     intx CICompilerCount                          = 4                                         {product} {ergonomic}
     uint ConcGCThreads                            = 2                                         {product} {ergonomic}
     uint G1ConcRefinementThreads                  = 8                                         {product} {ergonomic}
   size_t G1HeapRegionSize                         = 1048576                                   {product} {ergonomic}
    uintx GCDrainStackTargetSize                   = 64                                        {product} {ergonomic}
   size_t InitialHeapSize                          = 134217728                                 {product} {ergonomic}
     bool ManagementServer                         = true                                      {product} {command line}
   size_t MarkStackSize                            = 4194304                                   {product} {ergonomic}
   size_t MaxHeapSize                              = 2116026368                                {product} {ergonomic}
   size_t MaxNewSize                               = 1268776960                                {product} {ergonomic}
   size_t MinHeapDeltaBytes                        = 1048576                                   {product} {ergonomic}
   size_t MinHeapSize                              = 8388608                                   {product} {ergonomic}
    uintx NonProfiledCodeHeapSize                  = 0                                      {pd product} {ergonomic}
     bool ProfileInterpreter                       = false                                  {pd product} {command line}
    uintx ProfiledCodeHeapSize                     = 0                                      {pd product} {ergonomic}
   size_t SoftMaxHeapSize                          = 2116026368                             {manageable} {ergonomic}
     intx TieredStopAtLevel                        = 1                                         {product} {command line}
     bool UseCompressedClassPointers               = true                           {product lp64_product} {ergonomic}
     bool UseCompressedOops                        = true                           {product lp64_product} {ergonomic}
     bool UseG1GC                                  = true                                      {product} {ergonomic}
     bool UseLargePagesIndividualAllocation        = false                                  {pd product} {ergonomic}

Logging:
Log output configuration:
 #0: stdout all=warning uptime,level,tags
 #1: stderr all=off uptime,level,tags

Environment Variables:
JAVA_HOME=D:\Develop\jdk
PATH=D:\Develop\jdk\bin;C:\Program Files\Common Files\Oracle\Java\javapath;D:\\bin\;C:\ProgramData\Oracle\Java\javapath;C:\Program Files (x86)\Common Files\Oracle\Java\javapath;C:\WINDOWS\system32;C:\WINDOWS;C:\WINDOWS\System32\Wbem;C:\WINDOWS\System32\WindowsPowerShell\v1.0\;C:\WINDOWS\System32\OpenSSH\;D:\git\Git\cmd;D:\MySQL\MySQL Server 8.0\bin;C:\Program Files (x86)\Microsoft SQL Server\110\Tools\Binn\;C:\Program Files\Microsoft SQL Server\110\Tools\Binn\;C:\Program Files\Microsoft SQL Server\110\DTS\Binn\;C:\Program Files (x86)\Microsoft SQL Server\110\Tools\Binn\ManagementStudio\;C:\Program Files (x86)\Microsoft Visual Studio 10.0\Common7\IDE\PrivateAssemblies\;C:\Program Files (x86)\Microsoft SQL Server\110\DTS\Binn\;C:\Program Files\Java\jdk-9.0.4\bin;C:\Program Files\MySQL\MySQL Server 5.5\bin;C:\Program Files\dotnet\;;D:\Develop\web\dll;D:\Develop\node.js\;D:\MySQL\MySQL Shell 8.0\bin\;C:\Users\dell\AppData\Local\Microsoft\WindowsApps;;D:\Develop\IntelliJ IDEA 2023.3.4\bin;;D:\vscode\Microsoft VS Code\bin;C:\Users\dell\AppData\Roaming\npm
USERNAME=dell
OS=Windows_NT
PROCESSOR_IDENTIFIER=Intel64 Family 6 Model 142 Stepping 12, GenuineIntel



---------------  S Y S T E M  ---------------

OS:
 Windows 10 , 64 bit Build 19041 (10.0.19041.3636)
OS uptime: 8 days 23:19 hours

CPU: total 8 (initial active 8) (4 cores per cpu, 2 threads per core) family 6 model 142 stepping 12 microcode 0xf8, cx8, cmov, fxsr, ht, mmx, 3dnowpref, sse, sse2, sse3, ssse3, sse4.1, sse4.2, popcnt, lzcnt, tsc, tscinvbit, avx, avx2, aes, erms, clmul, bmi1, bmi2, adx, fma, vzeroupper, clflush, clflushopt

Memory: 4k page, system-wide physical 8067M (437M free)
TotalPageFile size 23141M (AvailPageFile size 194M)
current process WorkingSet (physical memory assigned to process): 280M, peak: 351M
current process commit charge ("private bytes"): 353M, peak: 661M

vm_info: Java HotSpot(TM) 64-Bit Server VM (17.0.10+11-LTS-240) for windows-amd64 JRE (17.0.10+11-LTS-240), built on Dec 19 2023 21:47:25 by "mach5one" with MS VC++ 17.1 (VS2022)

END.
